{"time":"2025-09-05 19:11:54","level":"INFO","caller":"slog.go:245","msg":"Auth Service starting...","service":"auth-service","http_port":8080,"grpc_port":50051,"database":"postgres@localhost:5432/telegramlite"}
{"time":"2025-09-05 19:11:54","level":"INFO","caller":"slog.go:245","msg":"Initializing database connection...","service":"auth-service"}
{"time":"2025-09-05 19:11:54","level":"INFO","caller":"slog.go:245","msg":"Database connected successfully","service":"auth-service","host":"localhost","dbname":"telegramlite","port":5432}
{"time":"2025-09-05 19:11:54","level":"INFO","caller":"slog.go:245","msg":"Initializing Redis connection...","service":"auth-service"}
{"time":"2025-09-05 19:11:54","level":"INFO","caller":"slog.go:245","msg":"Redis connected successfully","service":"auth-service","addr":"localhost:6379","db":0}
{"time":"2025-09-05 19:11:54","level":"INFO","caller":"slog.go:245","msg":"HTTP server starting","service":"auth-service","address":":8080"}
{"time":"2025-09-05 19:11:54","level":"INFO","caller":"slog.go:245","msg":"gRPC server starting","service":"auth-service","address":":50051"}
{"time":"2025-09-05 19:11:59","level":"INFO","caller":"slog.go:245","msg":"Shutting down servers...","service":"auth-service","signal":"terminated"}
{"time":"2025-09-05 19:11:59","level":"INFO","caller":"slog.go:245","msg":"Shutting down HTTP server...","service":"auth-service"}
{"time":"2025-09-05 19:11:59","level":"INFO","caller":"slog.go:245","msg":"Shutting down gRPC server...","service":"auth-service"}
{"time":"2025-09-05 19:11:59","level":"INFO","caller":"slog.go:245","msg":"HTTP server stopped gracefully","service":"auth-service"}
{"time":"2025-09-05 19:11:59","level":"INFO","caller":"slog.go:245","msg":"gRPC server stopped gracefully","service":"auth-service"}
{"time":"2025-09-05 19:11:59","level":"INFO","caller":"slog.go:245","msg":"Auth Service shutdown complete","service":"auth-service"}
{"time":"2025-09-05 19:12:35","level":"INFO","caller":"slog.go:245","msg":"Auth Service starting...","service":"auth-service","http_port":8080,"grpc_port":50051,"database":"postgres@localhost:5432/telegramlite"}
{"time":"2025-09-05 19:12:35","level":"INFO","caller":"slog.go:245","msg":"Initializing database connection...","service":"auth-service"}
{"time":"2025-09-05 19:12:35","level":"INFO","caller":"slog.go:245","msg":"Database connected successfully","service":"auth-service","host":"localhost","dbname":"telegramlite","port":5432}
{"time":"2025-09-05 19:12:35","level":"INFO","caller":"slog.go:245","msg":"Initializing Redis connection...","service":"auth-service"}
{"time":"2025-09-05 19:12:35","level":"INFO","caller":"slog.go:245","msg":"Redis connected successfully","service":"auth-service","addr":"localhost:6379","db":0}
{"time":"2025-09-05 19:12:35","level":"INFO","caller":"slog.go:245","msg":"HTTP server starting","service":"auth-service","address":":8080"}
{"time":"2025-09-05 19:12:35","level":"INFO","caller":"slog.go:245","msg":"gRPC server starting","service":"auth-service","address":":50051"}
{"time":"2025-09-05 19:13:00","level":"INFO","caller":"slog.go:245","msg":"HTTP request started","service":"auth-service","request_id":"20250905191300-rJTbkDM5","method":"GET","path":"/api/v1/health","user_agent":"curl/8.5.0","ip":"[::1]:51858"}
{"time":"2025-09-05 19:13:00","level":"INFO","caller":"slog.go:245","msg":"HTTP request completed","service":"auth-service","request_id":"20250905191300-rJTbkDM5","method":"GET","path":"/api/v1/health","status":200,"duration":0,"user_agent":"curl/8.5.0","ip":"[::1]:51858"}
{"time":"2025-09-05 19:13:21","level":"INFO","caller":"slog.go:245","msg":"Shutting down servers...","service":"auth-service","signal":"terminated"}
{"time":"2025-09-05 19:13:21","level":"INFO","caller":"slog.go:245","msg":"Shutting down HTTP server...","service":"auth-service"}
{"time":"2025-09-05 19:13:21","level":"INFO","caller":"slog.go:245","msg":"Shutting down gRPC server...","service":"auth-service"}
{"time":"2025-09-05 19:13:21","level":"INFO","caller":"slog.go:245","msg":"HTTP server stopped gracefully","service":"auth-service"}
{"time":"2025-09-05 19:13:21","level":"INFO","caller":"slog.go:245","msg":"gRPC server stopped gracefully","service":"auth-service"}
{"time":"2025-09-05 19:13:21","level":"INFO","caller":"slog.go:245","msg":"Auth Service shutdown complete","service":"auth-service"}
